<?xml version="1.0" encoding="UTF-8"?>
<!-- Generated by org.testng.reporters.JUnitXMLReporter -->
<testsuite hostname="DESKTOP-R1Q3PPF" ignored="0" name="Default test" tests="14" failures="0" timestamp="01 lug 2019 17:06:29 GMT" time="0.141" errors="0">
  <testcase name="fromString" time="0.063" classname="test.modbus.test.testng.ModbusRegisterTest"/>
  <testcase name="getBitIndex" time="0.002" classname="test.modbus.test.testng.ModbusRegisterTest"/>
  <testcase name="getBitValue" time="0.002" classname="test.modbus.test.testng.ModbusRegisterTest"/>
  <testcase name="getFromMCPRegisterAnalogicInput" time="0.003" classname="test.modbus.test.testng.ModbusRegisterTest"/>
  <testcase name="getFromMCPRegisterEmpty" time="0.002" classname="test.modbus.test.testng.ModbusRegisterTest"/>
  <testcase name="getFromMCPRegisterInputNoBit" time="0.002" classname="test.modbus.test.testng.ModbusRegisterTest"/>
  <testcase name="getFromMCPRegisterInputWithBit" time="0.001" classname="test.modbus.test.testng.ModbusRegisterTest"/>
  <testcase name="getFromMCPRegisterNoConversion" time="0.001" classname="test.modbus.test.testng.ModbusRegisterTest"/>
  <testcase name="getFromMCPRegisterOutputWithBit" time="0.002" classname="test.modbus.test.testng.ModbusRegisterTest"/>
  <testcase name="getFromMCPRegisterRegister" time="0.002" classname="test.modbus.test.testng.ModbusRegisterTest"/>
  <testcase name="getFromMCPRegisterVirtual" time="0.001" classname="test.modbus.test.testng.ModbusRegisterTest"/>
  <testcase name="getFromMCPRegisterVirtual1" time="0.001" classname="test.modbus.test.testng.ModbusRegisterTest"/>
  <testcase name="getRegisterName" time="0.001" classname="test.modbus.test.testng.ModbusRegisterTest"/>
  <testcase name="hasBit" time="0.002" classname="test.modbus.test.testng.ModbusRegisterTest"/>
</testsuite> <!-- Default test -->
