<?xml version="1.0" encoding="UTF-8"?>
<!-- Generated by org.testng.reporters.JUnitXMLReporter -->
<testsuite hostname="DESKTOP-R1Q3PPF" ignored="0" name="Default test" tests="5" failures="0" timestamp="21 feb 2019 18:02:58 GMT" time="0.113" errors="0">
  <testcase name="fromString" time="0.06" classname="test.modbus.test.testng.ModbusRegisterTest"/>
  <testcase name="getBitIndex" time="0.002" classname="test.modbus.test.testng.ModbusRegisterTest"/>
  <testcase name="getBitValue" time="0.001" classname="test.modbus.test.testng.ModbusRegisterTest"/>
  <testcase name="getRegisterName" time="0.002" classname="test.modbus.test.testng.ModbusRegisterTest"/>
  <testcase name="hasBit" time="0.002" classname="test.modbus.test.testng.ModbusRegisterTest"/>
</testsuite> <!-- Default test -->
