<?xml version="1.0" encoding="UTF-8"?>
<!-- Generated by org.testng.reporters.JUnitXMLReporter -->
<testsuite hostname="DESKTOP-R1Q3PPF" ignored="0" name="test.modbus.test.testng" tests="10" failures="0" timestamp="21 feb 2019 17:48:00 GMT" time="0.173" errors="0">
  <testcase name="binToIntTest" time="0.016" classname="test.modbus.test.testng.BinaryTest"/>
  <testcase name="getBitValueAsBooleanTest" time="0.059" classname="test.modbus.test.testng.BinaryTest"/>
  <testcase name="getBitValueAsIntTest" time="0.004" classname="test.modbus.test.testng.BinaryTest"/>
  <testcase name="getBitValueAsStringTest" time="0.003" classname="test.modbus.test.testng.BinaryTest"/>
  <testcase name="setBitValueTest" time="0.003" classname="test.modbus.test.testng.BinaryTest"/>
  <testcase name="switchBitTest" time="0.003" classname="test.modbus.test.testng.BinaryTest"/>
  <testcase name="getRegisterName" time="0.004" classname="test.modbus.test.testng.ModbusRegisterTest"/>
  <testcase name="hasBit" time="0.003" classname="test.modbus.test.testng.ModbusRegisterTest"/>
  <testcase name="OraToString" time="0.003" classname="test.modbus.test.testng.OraMinutiUtilsTest"/>
  <testcase name="fromString" time="0.003" classname="test.modbus.test.testng.OraMinutiUtilsTest"/>
</testsuite> <!-- test.modbus.test.testng -->
